1,20230130-160000000,C:\Seb\sequences\6940.bin,1
2,20230130-163000000,C:\Seb\sequences\6940.bin,1
3,20230130-180000000,C:\Seb\sequences\6940.bin,1
4,20230130-183000000,C:\Seb\sequences\6940.bin,1
5,20230130-193000000,C:\Seb\sequences\6940.bin,1
6,20230130-210000000,C:\Seb\sequences\6940.bin,1
7,20230130-220000000,C:\Seb\sequences\6940.bin,1
8,20230130-223000000,C:\Seb\sequences\6940.bin,1
9,20230130-230000000,C:\Seb\sequences\6940.bin,1
10,20230130-233000000,C:\Seb\sequences\6940.bin,1
11,20230131-000000000,C:\Seb\sequences\6940.bin,1
12,20230131-003000000,C:\Seb\sequences\6940.bin,1
13,20230131-010000000,C:\Seb\sequences\6940.bin,1
14,20230131-013000000,C:\Seb\sequences\6940.bin,1
15,20230131-023000000,C:\Seb\sequences\6940.bin,1
16,20230131-030000000,C:\Seb\sequences\6940.bin,1
17,20230131-040000000,C:\Seb\sequences\6940.bin,1
18,20230131-043000000,C:\Seb\sequences\6940.bin,1
19,20230131-050000000,C:\Seb\sequences\6940.bin,1
20,20230131-060000000,C:\Seb\sequences\6940.bin,1
